Linked: (/workspace/devel/.private/authoring/lib/authoring/static_publisher, /workspace/devel/lib/authoring/static_publisher)
Linked: (/workspace/devel/.private/authoring/lib/authoring/simulator, /workspace/devel/lib/authoring/simulator)
Linked: (/workspace/devel/.private/authoring/lib/authoring/tracker, /workspace/devel/lib/authoring/tracker)
Linked: (/workspace/devel/.private/authoring/lib/authoring/virtual_camera_manager, /workspace/devel/lib/authoring/virtual_camera_manager)
Linked: (/workspace/devel/.private/authoring/lib/authoring/rviz_viewer.py, /workspace/devel/lib/authoring/rviz_viewer.py)
Linked: (/workspace/devel/.private/authoring/lib/authoring/folding_task, /workspace/devel/lib/authoring/folding_task)
Linked: (/workspace/devel/.private/authoring/lib/authoring/planner, /workspace/devel/lib/authoring/planner)
Linked: (/workspace/devel/.private/authoring/lib/authoring/tf_printer, /workspace/devel/lib/authoring/tf_printer)
Linked: (/workspace/devel/.private/authoring/lib/authoring/pandaJacob, /workspace/devel/lib/authoring/pandaJacob)
Linked: (/workspace/devel/.private/authoring/lib/authoring/clipping_task, /workspace/devel/lib/authoring/clipping_task)
Linked: (/workspace/devel/.private/authoring/lib/authoring/socket, /workspace/devel/lib/authoring/socket)
Linked: (/workspace/devel/.private/authoring/lib/authoring/recorder, /workspace/devel/lib/authoring/recorder)
Linked: (/workspace/devel/.private/authoring/lib/authoring/space_mouse, /workspace/devel/lib/authoring/space_mouse)
Linked: (/workspace/devel/.private/authoring/lib/authoring/detector, /workspace/devel/lib/authoring/detector)
Linked: (/workspace/devel/.private/authoring/lib/authoring/mover, /workspace/devel/lib/authoring/mover)
Linked: (/workspace/devel/.private/authoring/lib/authoring/pc_publish, /workspace/devel/lib/authoring/pc_publish)
Linked: (/workspace/devel/.private/authoring/lib/authoring/rviz_manager, /workspace/devel/lib/authoring/rviz_manager)
Linked: (/workspace/devel/.private/authoring/lib/authoring/poi, /workspace/devel/lib/authoring/poi)
Linked: (/workspace/devel/.private/authoring/lib/authoring/cmake.lock, /workspace/devel/lib/authoring/cmake.lock)
Linked: (/workspace/devel/.private/authoring/lib/authoring/parser, /workspace/devel/lib/authoring/parser)
Linked: (/workspace/devel/.private/authoring/lib/authoring/r_ik_wrapper, /workspace/devel/lib/authoring/r_ik_wrapper)
Linked: (/workspace/devel/.private/authoring/lib/authoring/start_here.py, /workspace/devel/lib/authoring/start_here.py)
Linked: (/workspace/devel/.private/authoring/lib/pkgconfig/authoring.pc, /workspace/devel/lib/pkgconfig/authoring.pc)
Linked: (/workspace/devel/.private/authoring/share/authoring/cmake/authoringConfig.cmake, /workspace/devel/share/authoring/cmake/authoringConfig.cmake)
Linked: (/workspace/devel/.private/authoring/share/authoring/cmake/authoringConfig-version.cmake, /workspace/devel/share/authoring/cmake/authoringConfig-version.cmake)
