Symlinking /workspace/devel/lib/authoring/virtual_camera_manager
Symlinking /workspace/devel/lib/authoring/parser
Symlinking /workspace/devel/lib/authoring/r_ik_wrapper
Symlinking /workspace/devel/lib/authoring/mover
Symlinking /workspace/devel/lib/authoring/rviz_manager
Symlinking /workspace/devel/lib/authoring/recorder
Symlinking /workspace/devel/lib/authoring/pandaJacob
Symlinking /workspace/devel/lib/authoring/rviz_viewer.py
Symlinking /workspace/devel/lib/authoring/cmake.lock
Symlinking /workspace/devel/lib/authoring/clipping_task
Symlinking /workspace/devel/lib/authoring/static_publisher
Symlinking /workspace/devel/lib/authoring/poi
Symlinking /workspace/devel/lib/authoring/folding_task
Symlinking /workspace/devel/lib/authoring/space_mouse
Symlinking /workspace/devel/lib/authoring/simulator
Symlinking /workspace/devel/lib/authoring/planner
Symlinking /workspace/devel/lib/authoring/tracker
Symlinking /workspace/devel/lib/authoring/pc_publish
Symlinking /workspace/devel/lib/authoring/detector
Symlinking /workspace/devel/lib/authoring/tf_printer
Symlinking /workspace/devel/lib/authoring/start_here.py
Symlinking /workspace/devel/lib/authoring/socket
Symlinking /workspace/devel/lib/pkgconfig/authoring.pc
Symlinking /workspace/devel/share/authoring/cmake/authoringConfig-version.cmake
Symlinking /workspace/devel/share/authoring/cmake/authoringConfig.cmake
