[  0%] Built target std_msgs_generate_messages_py
[  0%] Built target geometry_msgs_generate_messages_py
[  0%] Built target panda_ros_msgs_generate_messages_py
[  0%] Built target sensor_msgs_generate_messages_py
[  0%] Built target actionlib_msgs_generate_messages_py
[  0%] Built target std_msgs_generate_messages_nodejs
[  0%] Built target _authoring_msgs_generate_messages_check_deps_AuthoringFeedback
[  0%] Built target _authoring_msgs_generate_messages_check_deps_AuthoringActionResult
[  0%] Built target _authoring_msgs_generate_messages_check_deps_Action
[  0%] Built target _authoring_msgs_generate_messages_check_deps_POIArray
[  0%] Built target _authoring_msgs_generate_messages_check_deps_AuthoringResult
[  0%] Built target _authoring_msgs_generate_messages_check_deps_POI
[  0%] Built target _authoring_msgs_generate_messages_check_deps_Command
[  0%] Built target geometry_msgs_generate_messages_nodejs
[  0%] Built target actionlib_msgs_generate_messages_nodejs
[  0%] Built target panda_ros_msgs_generate_messages_nodejs
[  0%] Built target sensor_msgs_generate_messages_nodejs
[  0%] Built target _authoring_msgs_generate_messages_check_deps_AuthoringGoal
[  0%] Built target _authoring_msgs_generate_messages_check_deps_AuthoringAction
[  0%] Built target _authoring_msgs_generate_messages_check_deps_AuthoringActionGoal
[  0%] Built target std_msgs_generate_messages_lisp
[  0%] Built target actionlib_msgs_generate_messages_lisp
[  0%] Built target geometry_msgs_generate_messages_lisp
[  0%] Built target sensor_msgs_generate_messages_lisp
[  0%] Built target _authoring_msgs_generate_messages_check_deps_AuthoringActionFeedback
[  0%] Built target panda_ros_msgs_generate_messages_lisp
[  0%] Built target sensor_msgs_generate_messages_cpp
[  0%] Built target std_msgs_generate_messages_cpp
[  0%] Built target geometry_msgs_generate_messages_cpp
[  0%] Built target actionlib_msgs_generate_messages_cpp
[  0%] Built target panda_ros_msgs_generate_messages_cpp
[  0%] Built target geometry_msgs_generate_messages_eus
[  0%] Built target actionlib_msgs_generate_messages_eus
[  0%] Built target sensor_msgs_generate_messages_eus
[  0%] Built target std_msgs_generate_messages_eus
[  0%] Built target panda_ros_msgs_generate_messages_eus
[ 21%] Built target authoring_msgs_generate_messages_py
[ 40%] Built target authoring_msgs_generate_messages_nodejs
[ 59%] Built target authoring_msgs_generate_messages_lisp
[ 78%] Built target authoring_msgs_generate_messages_cpp
[100%] Built target authoring_msgs_generate_messages_eus
[100%] Built target authoring_msgs_generate_messages
