Symlinking /workspace/devel/lib/python3/dist-packages/authoring_msgs/__init__.py
Symlinking /workspace/devel/lib/python3/dist-packages/authoring_msgs/msg/_Command.py
Symlinking /workspace/devel/lib/python3/dist-packages/authoring_msgs/msg/_AuthoringFeedback.py
Symlinking /workspace/devel/lib/python3/dist-packages/authoring_msgs/msg/__init__.py
Symlinking /workspace/devel/lib/python3/dist-packages/authoring_msgs/msg/_AuthoringActionFeedback.py
Symlinking /workspace/devel/lib/python3/dist-packages/authoring_msgs/msg/_AuthoringActionGoal.py
Symlinking /workspace/devel/lib/python3/dist-packages/authoring_msgs/msg/_Action.py
Symlinking /workspace/devel/lib/python3/dist-packages/authoring_msgs/msg/_AuthoringResult.py
Symlinking /workspace/devel/lib/python3/dist-packages/authoring_msgs/msg/_AuthoringActionResult.py
Symlinking /workspace/devel/lib/python3/dist-packages/authoring_msgs/msg/_AuthoringGoal.py
Symlinking /workspace/devel/lib/python3/dist-packages/authoring_msgs/msg/_POI.py
Symlinking /workspace/devel/lib/python3/dist-packages/authoring_msgs/msg/_POIArray.py
Symlinking /workspace/devel/lib/python3/dist-packages/authoring_msgs/msg/_AuthoringAction.py
Symlinking /workspace/devel/lib/pkgconfig/authoring_msgs.pc
Symlinking /workspace/devel/share/authoring_msgs/cmake/authoring_msgsConfig.cmake
Symlinking /workspace/devel/share/authoring_msgs/cmake/authoring_msgs-msg-paths.cmake
Symlinking /workspace/devel/share/authoring_msgs/cmake/authoring_msgsConfig-version.cmake
Symlinking /workspace/devel/share/authoring_msgs/cmake/authoring_msgs-msg-extras.cmake
Symlinking /workspace/devel/share/authoring_msgs/msg/AuthoringGoal.msg
Symlinking /workspace/devel/share/authoring_msgs/msg/AuthoringFeedback.msg
Symlinking /workspace/devel/share/authoring_msgs/msg/AuthoringAction.msg
Symlinking /workspace/devel/share/authoring_msgs/msg/AuthoringActionGoal.msg
Symlinking /workspace/devel/share/authoring_msgs/msg/AuthoringResult.msg
Symlinking /workspace/devel/share/authoring_msgs/msg/AuthoringActionResult.msg
Symlinking /workspace/devel/share/authoring_msgs/msg/AuthoringActionFeedback.msg
Symlinking /workspace/devel/share/roseus/ros/authoring_msgs/manifest.l
Symlinking /workspace/devel/share/roseus/ros/authoring_msgs/msg/AuthoringResult.l
Symlinking /workspace/devel/share/roseus/ros/authoring_msgs/msg/POI.l
Symlinking /workspace/devel/share/roseus/ros/authoring_msgs/msg/AuthoringAction.l
Symlinking /workspace/devel/share/roseus/ros/authoring_msgs/msg/AuthoringGoal.l
Symlinking /workspace/devel/share/roseus/ros/authoring_msgs/msg/AuthoringActionGoal.l
Symlinking /workspace/devel/share/roseus/ros/authoring_msgs/msg/POIArray.l
Symlinking /workspace/devel/share/roseus/ros/authoring_msgs/msg/AuthoringFeedback.l
Symlinking /workspace/devel/share/roseus/ros/authoring_msgs/msg/AuthoringActionResult.l
Symlinking /workspace/devel/share/roseus/ros/authoring_msgs/msg/Command.l
Symlinking /workspace/devel/share/roseus/ros/authoring_msgs/msg/AuthoringActionFeedback.l
Symlinking /workspace/devel/share/roseus/ros/authoring_msgs/msg/Action.l
Symlinking /workspace/devel/share/gennodejs/ros/authoring_msgs/_index.js
Symlinking /workspace/devel/share/gennodejs/ros/authoring_msgs/msg/Action.js
Symlinking /workspace/devel/share/gennodejs/ros/authoring_msgs/msg/POI.js
Symlinking /workspace/devel/share/gennodejs/ros/authoring_msgs/msg/AuthoringGoal.js
Symlinking /workspace/devel/share/gennodejs/ros/authoring_msgs/msg/AuthoringActionResult.js
Symlinking /workspace/devel/share/gennodejs/ros/authoring_msgs/msg/AuthoringActionFeedback.js
Symlinking /workspace/devel/share/gennodejs/ros/authoring_msgs/msg/Command.js
Symlinking /workspace/devel/share/gennodejs/ros/authoring_msgs/msg/AuthoringResult.js
Symlinking /workspace/devel/share/gennodejs/ros/authoring_msgs/msg/POIArray.js
Symlinking /workspace/devel/share/gennodejs/ros/authoring_msgs/msg/AuthoringFeedback.js
Symlinking /workspace/devel/share/gennodejs/ros/authoring_msgs/msg/_index.js
Symlinking /workspace/devel/share/gennodejs/ros/authoring_msgs/msg/AuthoringAction.js
Symlinking /workspace/devel/share/gennodejs/ros/authoring_msgs/msg/AuthoringActionGoal.js
Symlinking /workspace/devel/share/common-lisp/ros/authoring_msgs/msg/_package_AuthoringGoal.lisp
Symlinking /workspace/devel/share/common-lisp/ros/authoring_msgs/msg/_package_AuthoringActionFeedback.lisp
Symlinking /workspace/devel/share/common-lisp/ros/authoring_msgs/msg/Action.lisp
Symlinking /workspace/devel/share/common-lisp/ros/authoring_msgs/msg/AuthoringAction.lisp
Symlinking /workspace/devel/share/common-lisp/ros/authoring_msgs/msg/AuthoringActionFeedback.lisp
Symlinking /workspace/devel/share/common-lisp/ros/authoring_msgs/msg/_package_Action.lisp
Symlinking /workspace/devel/share/common-lisp/ros/authoring_msgs/msg/_package_AuthoringActionGoal.lisp
Symlinking /workspace/devel/share/common-lisp/ros/authoring_msgs/msg/_package.lisp
Symlinking /workspace/devel/share/common-lisp/ros/authoring_msgs/msg/Command.lisp
Symlinking /workspace/devel/share/common-lisp/ros/authoring_msgs/msg/_package_AuthoringActionResult.lisp
Symlinking /workspace/devel/share/common-lisp/ros/authoring_msgs/msg/_package_POIArray.lisp
Symlinking /workspace/devel/share/common-lisp/ros/authoring_msgs/msg/_package_AuthoringAction.lisp
Symlinking /workspace/devel/share/common-lisp/ros/authoring_msgs/msg/_package_POI.lisp
Symlinking /workspace/devel/share/common-lisp/ros/authoring_msgs/msg/AuthoringResult.lisp
Symlinking /workspace/devel/share/common-lisp/ros/authoring_msgs/msg/AuthoringActionGoal.lisp
Symlinking /workspace/devel/share/common-lisp/ros/authoring_msgs/msg/_package_AuthoringFeedback.lisp
Symlinking /workspace/devel/share/common-lisp/ros/authoring_msgs/msg/_package_AuthoringResult.lisp
Symlinking /workspace/devel/share/common-lisp/ros/authoring_msgs/msg/AuthoringGoal.lisp
Symlinking /workspace/devel/share/common-lisp/ros/authoring_msgs/msg/POIArray.lisp
Symlinking /workspace/devel/share/common-lisp/ros/authoring_msgs/msg/_package_Command.lisp
Symlinking /workspace/devel/share/common-lisp/ros/authoring_msgs/msg/AuthoringActionResult.lisp
Symlinking /workspace/devel/share/common-lisp/ros/authoring_msgs/msg/AuthoringFeedback.lisp
Symlinking /workspace/devel/share/common-lisp/ros/authoring_msgs/msg/authoring_msgs-msg.asd
Symlinking /workspace/devel/share/common-lisp/ros/authoring_msgs/msg/POI.lisp
Symlinking /workspace/devel/include/authoring_msgs/AuthoringActionGoal.h
Symlinking /workspace/devel/include/authoring_msgs/Command.h
Symlinking /workspace/devel/include/authoring_msgs/AuthoringActionResult.h
Symlinking /workspace/devel/include/authoring_msgs/Action.h
Symlinking /workspace/devel/include/authoring_msgs/AuthoringResult.h
Symlinking /workspace/devel/include/authoring_msgs/AuthoringActionFeedback.h
Symlinking /workspace/devel/include/authoring_msgs/POIArray.h
Symlinking /workspace/devel/include/authoring_msgs/AuthoringGoal.h
Symlinking /workspace/devel/include/authoring_msgs/POI.h
Symlinking /workspace/devel/include/authoring_msgs/AuthoringAction.h
Symlinking /workspace/devel/include/authoring_msgs/AuthoringFeedback.h
