Linked: (/workspace/devel/.private/authoring_msgs/lib/python3/dist-packages/authoring_msgs/__init__.py, /workspace/devel/lib/python3/dist-packages/authoring_msgs/__init__.py)
Linked: (/workspace/devel/.private/authoring_msgs/lib/python3/dist-packages/authoring_msgs/msg/_Command.py, /workspace/devel/lib/python3/dist-packages/authoring_msgs/msg/_Command.py)
Linked: (/workspace/devel/.private/authoring_msgs/lib/python3/dist-packages/authoring_msgs/msg/_AuthoringFeedback.py, /workspace/devel/lib/python3/dist-packages/authoring_msgs/msg/_AuthoringFeedback.py)
Linked: (/workspace/devel/.private/authoring_msgs/lib/python3/dist-packages/authoring_msgs/msg/__init__.py, /workspace/devel/lib/python3/dist-packages/authoring_msgs/msg/__init__.py)
Linked: (/workspace/devel/.private/authoring_msgs/lib/python3/dist-packages/authoring_msgs/msg/_AuthoringActionFeedback.py, /workspace/devel/lib/python3/dist-packages/authoring_msgs/msg/_AuthoringActionFeedback.py)
Linked: (/workspace/devel/.private/authoring_msgs/lib/python3/dist-packages/authoring_msgs/msg/_AuthoringActionGoal.py, /workspace/devel/lib/python3/dist-packages/authoring_msgs/msg/_AuthoringActionGoal.py)
Linked: (/workspace/devel/.private/authoring_msgs/lib/python3/dist-packages/authoring_msgs/msg/_Action.py, /workspace/devel/lib/python3/dist-packages/authoring_msgs/msg/_Action.py)
Linked: (/workspace/devel/.private/authoring_msgs/lib/python3/dist-packages/authoring_msgs/msg/_AuthoringResult.py, /workspace/devel/lib/python3/dist-packages/authoring_msgs/msg/_AuthoringResult.py)
Linked: (/workspace/devel/.private/authoring_msgs/lib/python3/dist-packages/authoring_msgs/msg/_AuthoringActionResult.py, /workspace/devel/lib/python3/dist-packages/authoring_msgs/msg/_AuthoringActionResult.py)
Linked: (/workspace/devel/.private/authoring_msgs/lib/python3/dist-packages/authoring_msgs/msg/_AuthoringGoal.py, /workspace/devel/lib/python3/dist-packages/authoring_msgs/msg/_AuthoringGoal.py)
Linked: (/workspace/devel/.private/authoring_msgs/lib/python3/dist-packages/authoring_msgs/msg/_POI.py, /workspace/devel/lib/python3/dist-packages/authoring_msgs/msg/_POI.py)
Linked: (/workspace/devel/.private/authoring_msgs/lib/python3/dist-packages/authoring_msgs/msg/_POIArray.py, /workspace/devel/lib/python3/dist-packages/authoring_msgs/msg/_POIArray.py)
Linked: (/workspace/devel/.private/authoring_msgs/lib/python3/dist-packages/authoring_msgs/msg/_AuthoringAction.py, /workspace/devel/lib/python3/dist-packages/authoring_msgs/msg/_AuthoringAction.py)
Linked: (/workspace/devel/.private/authoring_msgs/lib/pkgconfig/authoring_msgs.pc, /workspace/devel/lib/pkgconfig/authoring_msgs.pc)
Linked: (/workspace/devel/.private/authoring_msgs/share/authoring_msgs/cmake/authoring_msgsConfig.cmake, /workspace/devel/share/authoring_msgs/cmake/authoring_msgsConfig.cmake)
Linked: (/workspace/devel/.private/authoring_msgs/share/authoring_msgs/cmake/authoring_msgs-msg-paths.cmake, /workspace/devel/share/authoring_msgs/cmake/authoring_msgs-msg-paths.cmake)
Linked: (/workspace/devel/.private/authoring_msgs/share/authoring_msgs/cmake/authoring_msgsConfig-version.cmake, /workspace/devel/share/authoring_msgs/cmake/authoring_msgsConfig-version.cmake)
Linked: (/workspace/devel/.private/authoring_msgs/share/authoring_msgs/cmake/authoring_msgs-msg-extras.cmake, /workspace/devel/share/authoring_msgs/cmake/authoring_msgs-msg-extras.cmake)
Linked: (/workspace/devel/.private/authoring_msgs/share/authoring_msgs/msg/AuthoringGoal.msg, /workspace/devel/share/authoring_msgs/msg/AuthoringGoal.msg)
Linked: (/workspace/devel/.private/authoring_msgs/share/authoring_msgs/msg/AuthoringFeedback.msg, /workspace/devel/share/authoring_msgs/msg/AuthoringFeedback.msg)
Linked: (/workspace/devel/.private/authoring_msgs/share/authoring_msgs/msg/AuthoringAction.msg, /workspace/devel/share/authoring_msgs/msg/AuthoringAction.msg)
Linked: (/workspace/devel/.private/authoring_msgs/share/authoring_msgs/msg/AuthoringActionGoal.msg, /workspace/devel/share/authoring_msgs/msg/AuthoringActionGoal.msg)
Linked: (/workspace/devel/.private/authoring_msgs/share/authoring_msgs/msg/AuthoringResult.msg, /workspace/devel/share/authoring_msgs/msg/AuthoringResult.msg)
Linked: (/workspace/devel/.private/authoring_msgs/share/authoring_msgs/msg/AuthoringActionResult.msg, /workspace/devel/share/authoring_msgs/msg/AuthoringActionResult.msg)
Linked: (/workspace/devel/.private/authoring_msgs/share/authoring_msgs/msg/AuthoringActionFeedback.msg, /workspace/devel/share/authoring_msgs/msg/AuthoringActionFeedback.msg)
Linked: (/workspace/devel/.private/authoring_msgs/share/roseus/ros/authoring_msgs/manifest.l, /workspace/devel/share/roseus/ros/authoring_msgs/manifest.l)
Linked: (/workspace/devel/.private/authoring_msgs/share/roseus/ros/authoring_msgs/msg/AuthoringResult.l, /workspace/devel/share/roseus/ros/authoring_msgs/msg/AuthoringResult.l)
Linked: (/workspace/devel/.private/authoring_msgs/share/roseus/ros/authoring_msgs/msg/POI.l, /workspace/devel/share/roseus/ros/authoring_msgs/msg/POI.l)
Linked: (/workspace/devel/.private/authoring_msgs/share/roseus/ros/authoring_msgs/msg/AuthoringAction.l, /workspace/devel/share/roseus/ros/authoring_msgs/msg/AuthoringAction.l)
Linked: (/workspace/devel/.private/authoring_msgs/share/roseus/ros/authoring_msgs/msg/AuthoringGoal.l, /workspace/devel/share/roseus/ros/authoring_msgs/msg/AuthoringGoal.l)
Linked: (/workspace/devel/.private/authoring_msgs/share/roseus/ros/authoring_msgs/msg/AuthoringActionGoal.l, /workspace/devel/share/roseus/ros/authoring_msgs/msg/AuthoringActionGoal.l)
Linked: (/workspace/devel/.private/authoring_msgs/share/roseus/ros/authoring_msgs/msg/POIArray.l, /workspace/devel/share/roseus/ros/authoring_msgs/msg/POIArray.l)
Linked: (/workspace/devel/.private/authoring_msgs/share/roseus/ros/authoring_msgs/msg/AuthoringFeedback.l, /workspace/devel/share/roseus/ros/authoring_msgs/msg/AuthoringFeedback.l)
Linked: (/workspace/devel/.private/authoring_msgs/share/roseus/ros/authoring_msgs/msg/AuthoringActionResult.l, /workspace/devel/share/roseus/ros/authoring_msgs/msg/AuthoringActionResult.l)
Linked: (/workspace/devel/.private/authoring_msgs/share/roseus/ros/authoring_msgs/msg/Command.l, /workspace/devel/share/roseus/ros/authoring_msgs/msg/Command.l)
Linked: (/workspace/devel/.private/authoring_msgs/share/roseus/ros/authoring_msgs/msg/AuthoringActionFeedback.l, /workspace/devel/share/roseus/ros/authoring_msgs/msg/AuthoringActionFeedback.l)
Linked: (/workspace/devel/.private/authoring_msgs/share/roseus/ros/authoring_msgs/msg/Action.l, /workspace/devel/share/roseus/ros/authoring_msgs/msg/Action.l)
Linked: (/workspace/devel/.private/authoring_msgs/share/gennodejs/ros/authoring_msgs/_index.js, /workspace/devel/share/gennodejs/ros/authoring_msgs/_index.js)
Linked: (/workspace/devel/.private/authoring_msgs/share/gennodejs/ros/authoring_msgs/msg/Action.js, /workspace/devel/share/gennodejs/ros/authoring_msgs/msg/Action.js)
Linked: (/workspace/devel/.private/authoring_msgs/share/gennodejs/ros/authoring_msgs/msg/POI.js, /workspace/devel/share/gennodejs/ros/authoring_msgs/msg/POI.js)
Linked: (/workspace/devel/.private/authoring_msgs/share/gennodejs/ros/authoring_msgs/msg/AuthoringGoal.js, /workspace/devel/share/gennodejs/ros/authoring_msgs/msg/AuthoringGoal.js)
Linked: (/workspace/devel/.private/authoring_msgs/share/gennodejs/ros/authoring_msgs/msg/AuthoringActionResult.js, /workspace/devel/share/gennodejs/ros/authoring_msgs/msg/AuthoringActionResult.js)
Linked: (/workspace/devel/.private/authoring_msgs/share/gennodejs/ros/authoring_msgs/msg/AuthoringActionFeedback.js, /workspace/devel/share/gennodejs/ros/authoring_msgs/msg/AuthoringActionFeedback.js)
Linked: (/workspace/devel/.private/authoring_msgs/share/gennodejs/ros/authoring_msgs/msg/Command.js, /workspace/devel/share/gennodejs/ros/authoring_msgs/msg/Command.js)
Linked: (/workspace/devel/.private/authoring_msgs/share/gennodejs/ros/authoring_msgs/msg/AuthoringResult.js, /workspace/devel/share/gennodejs/ros/authoring_msgs/msg/AuthoringResult.js)
Linked: (/workspace/devel/.private/authoring_msgs/share/gennodejs/ros/authoring_msgs/msg/POIArray.js, /workspace/devel/share/gennodejs/ros/authoring_msgs/msg/POIArray.js)
Linked: (/workspace/devel/.private/authoring_msgs/share/gennodejs/ros/authoring_msgs/msg/AuthoringFeedback.js, /workspace/devel/share/gennodejs/ros/authoring_msgs/msg/AuthoringFeedback.js)
Linked: (/workspace/devel/.private/authoring_msgs/share/gennodejs/ros/authoring_msgs/msg/_index.js, /workspace/devel/share/gennodejs/ros/authoring_msgs/msg/_index.js)
Linked: (/workspace/devel/.private/authoring_msgs/share/gennodejs/ros/authoring_msgs/msg/AuthoringAction.js, /workspace/devel/share/gennodejs/ros/authoring_msgs/msg/AuthoringAction.js)
Linked: (/workspace/devel/.private/authoring_msgs/share/gennodejs/ros/authoring_msgs/msg/AuthoringActionGoal.js, /workspace/devel/share/gennodejs/ros/authoring_msgs/msg/AuthoringActionGoal.js)
Linked: (/workspace/devel/.private/authoring_msgs/share/common-lisp/ros/authoring_msgs/msg/_package_AuthoringGoal.lisp, /workspace/devel/share/common-lisp/ros/authoring_msgs/msg/_package_AuthoringGoal.lisp)
Linked: (/workspace/devel/.private/authoring_msgs/share/common-lisp/ros/authoring_msgs/msg/_package_AuthoringActionFeedback.lisp, /workspace/devel/share/common-lisp/ros/authoring_msgs/msg/_package_AuthoringActionFeedback.lisp)
Linked: (/workspace/devel/.private/authoring_msgs/share/common-lisp/ros/authoring_msgs/msg/Action.lisp, /workspace/devel/share/common-lisp/ros/authoring_msgs/msg/Action.lisp)
Linked: (/workspace/devel/.private/authoring_msgs/share/common-lisp/ros/authoring_msgs/msg/AuthoringAction.lisp, /workspace/devel/share/common-lisp/ros/authoring_msgs/msg/AuthoringAction.lisp)
Linked: (/workspace/devel/.private/authoring_msgs/share/common-lisp/ros/authoring_msgs/msg/AuthoringActionFeedback.lisp, /workspace/devel/share/common-lisp/ros/authoring_msgs/msg/AuthoringActionFeedback.lisp)
Linked: (/workspace/devel/.private/authoring_msgs/share/common-lisp/ros/authoring_msgs/msg/_package_Action.lisp, /workspace/devel/share/common-lisp/ros/authoring_msgs/msg/_package_Action.lisp)
Linked: (/workspace/devel/.private/authoring_msgs/share/common-lisp/ros/authoring_msgs/msg/_package_AuthoringActionGoal.lisp, /workspace/devel/share/common-lisp/ros/authoring_msgs/msg/_package_AuthoringActionGoal.lisp)
Linked: (/workspace/devel/.private/authoring_msgs/share/common-lisp/ros/authoring_msgs/msg/_package.lisp, /workspace/devel/share/common-lisp/ros/authoring_msgs/msg/_package.lisp)
Linked: (/workspace/devel/.private/authoring_msgs/share/common-lisp/ros/authoring_msgs/msg/Command.lisp, /workspace/devel/share/common-lisp/ros/authoring_msgs/msg/Command.lisp)
Linked: (/workspace/devel/.private/authoring_msgs/share/common-lisp/ros/authoring_msgs/msg/_package_AuthoringActionResult.lisp, /workspace/devel/share/common-lisp/ros/authoring_msgs/msg/_package_AuthoringActionResult.lisp)
Linked: (/workspace/devel/.private/authoring_msgs/share/common-lisp/ros/authoring_msgs/msg/_package_POIArray.lisp, /workspace/devel/share/common-lisp/ros/authoring_msgs/msg/_package_POIArray.lisp)
Linked: (/workspace/devel/.private/authoring_msgs/share/common-lisp/ros/authoring_msgs/msg/_package_AuthoringAction.lisp, /workspace/devel/share/common-lisp/ros/authoring_msgs/msg/_package_AuthoringAction.lisp)
Linked: (/workspace/devel/.private/authoring_msgs/share/common-lisp/ros/authoring_msgs/msg/_package_POI.lisp, /workspace/devel/share/common-lisp/ros/authoring_msgs/msg/_package_POI.lisp)
Linked: (/workspace/devel/.private/authoring_msgs/share/common-lisp/ros/authoring_msgs/msg/AuthoringResult.lisp, /workspace/devel/share/common-lisp/ros/authoring_msgs/msg/AuthoringResult.lisp)
Linked: (/workspace/devel/.private/authoring_msgs/share/common-lisp/ros/authoring_msgs/msg/AuthoringActionGoal.lisp, /workspace/devel/share/common-lisp/ros/authoring_msgs/msg/AuthoringActionGoal.lisp)
Linked: (/workspace/devel/.private/authoring_msgs/share/common-lisp/ros/authoring_msgs/msg/_package_AuthoringFeedback.lisp, /workspace/devel/share/common-lisp/ros/authoring_msgs/msg/_package_AuthoringFeedback.lisp)
Linked: (/workspace/devel/.private/authoring_msgs/share/common-lisp/ros/authoring_msgs/msg/_package_AuthoringResult.lisp, /workspace/devel/share/common-lisp/ros/authoring_msgs/msg/_package_AuthoringResult.lisp)
Linked: (/workspace/devel/.private/authoring_msgs/share/common-lisp/ros/authoring_msgs/msg/AuthoringGoal.lisp, /workspace/devel/share/common-lisp/ros/authoring_msgs/msg/AuthoringGoal.lisp)
Linked: (/workspace/devel/.private/authoring_msgs/share/common-lisp/ros/authoring_msgs/msg/POIArray.lisp, /workspace/devel/share/common-lisp/ros/authoring_msgs/msg/POIArray.lisp)
Linked: (/workspace/devel/.private/authoring_msgs/share/common-lisp/ros/authoring_msgs/msg/_package_Command.lisp, /workspace/devel/share/common-lisp/ros/authoring_msgs/msg/_package_Command.lisp)
Linked: (/workspace/devel/.private/authoring_msgs/share/common-lisp/ros/authoring_msgs/msg/AuthoringActionResult.lisp, /workspace/devel/share/common-lisp/ros/authoring_msgs/msg/AuthoringActionResult.lisp)
Linked: (/workspace/devel/.private/authoring_msgs/share/common-lisp/ros/authoring_msgs/msg/AuthoringFeedback.lisp, /workspace/devel/share/common-lisp/ros/authoring_msgs/msg/AuthoringFeedback.lisp)
Linked: (/workspace/devel/.private/authoring_msgs/share/common-lisp/ros/authoring_msgs/msg/authoring_msgs-msg.asd, /workspace/devel/share/common-lisp/ros/authoring_msgs/msg/authoring_msgs-msg.asd)
Linked: (/workspace/devel/.private/authoring_msgs/share/common-lisp/ros/authoring_msgs/msg/POI.lisp, /workspace/devel/share/common-lisp/ros/authoring_msgs/msg/POI.lisp)
Linked: (/workspace/devel/.private/authoring_msgs/include/authoring_msgs/AuthoringActionGoal.h, /workspace/devel/include/authoring_msgs/AuthoringActionGoal.h)
Linked: (/workspace/devel/.private/authoring_msgs/include/authoring_msgs/Command.h, /workspace/devel/include/authoring_msgs/Command.h)
Linked: (/workspace/devel/.private/authoring_msgs/include/authoring_msgs/AuthoringActionResult.h, /workspace/devel/include/authoring_msgs/AuthoringActionResult.h)
Linked: (/workspace/devel/.private/authoring_msgs/include/authoring_msgs/Action.h, /workspace/devel/include/authoring_msgs/Action.h)
Linked: (/workspace/devel/.private/authoring_msgs/include/authoring_msgs/AuthoringResult.h, /workspace/devel/include/authoring_msgs/AuthoringResult.h)
Linked: (/workspace/devel/.private/authoring_msgs/include/authoring_msgs/AuthoringActionFeedback.h, /workspace/devel/include/authoring_msgs/AuthoringActionFeedback.h)
Linked: (/workspace/devel/.private/authoring_msgs/include/authoring_msgs/POIArray.h, /workspace/devel/include/authoring_msgs/POIArray.h)
Linked: (/workspace/devel/.private/authoring_msgs/include/authoring_msgs/AuthoringGoal.h, /workspace/devel/include/authoring_msgs/AuthoringGoal.h)
Linked: (/workspace/devel/.private/authoring_msgs/include/authoring_msgs/POI.h, /workspace/devel/include/authoring_msgs/POI.h)
Linked: (/workspace/devel/.private/authoring_msgs/include/authoring_msgs/AuthoringAction.h, /workspace/devel/include/authoring_msgs/AuthoringAction.h)
Linked: (/workspace/devel/.private/authoring_msgs/include/authoring_msgs/AuthoringFeedback.h, /workspace/devel/include/authoring_msgs/AuthoringFeedback.h)
