[  0%] Built target geometry_msgs_generate_messages_py
[  0%] Built target sensor_msgs_generate_messages_py
[  0%] Built target std_msgs_generate_messages_py
[  0%] Built target actionlib_msgs_generate_messages_py
[  0%] Built target panda_ros_msgs_generate_messages_py
[  0%] Built target _authoring_msgs_generate_messages_check_deps_AuthoringResult
[  0%] Built target _authoring_msgs_generate_messages_check_deps_AuthoringFeedback
[  0%] Built target _authoring_msgs_generate_messages_check_deps_AuthoringActionResult
[  0%] Built target _authoring_msgs_generate_messages_check_deps_POIArray
[  0%] Built target _authoring_msgs_generate_messages_check_deps_Action
[  0%] Built target _authoring_msgs_generate_messages_check_deps_AuthoringAction
[  0%] Built target _authoring_msgs_generate_messages_check_deps_Command
[  0%] Built target _authoring_msgs_generate_messages_check_deps_POI
[  0%] Built target _authoring_msgs_generate_messages_check_deps_AuthoringActionGoal
[  0%] Built target std_msgs_generate_messages_nodejs
[  0%] Built target geometry_msgs_generate_messages_nodejs
[  0%] Built target _authoring_msgs_generate_messages_check_deps_AuthoringActionFeedback
[  0%] Built target actionlib_msgs_generate_messages_nodejs
[  0%] Built target panda_ros_msgs_generate_messages_nodejs
[  0%] Built target actionlib_msgs_generate_messages_lisp
[  0%] Built target sensor_msgs_generate_messages_nodejs
[  0%] Built target sensor_msgs_generate_messages_lisp
[  0%] Built target std_msgs_generate_messages_lisp
[  0%] Built target panda_ros_msgs_generate_messages_lisp
[  0%] Built target sensor_msgs_generate_messages_cpp
[  0%] Built target actionlib_msgs_generate_messages_cpp
[  0%] Built target geometry_msgs_generate_messages_cpp
[  0%] Built target geometry_msgs_generate_messages_lisp
[  0%] Built target std_msgs_generate_messages_cpp
[  0%] Built target geometry_msgs_generate_messages_eus
[  0%] Built target actionlib_msgs_generate_messages_eus
[  0%] Built target panda_ros_msgs_generate_messages_cpp
[  0%] Built target panda_ros_msgs_generate_messages_eus
[  0%] Built target std_msgs_generate_messages_eus
[  0%] Built target sensor_msgs_generate_messages_eus
[  0%] Built target _authoring_msgs_generate_messages_check_deps_AuthoringGoal
[  3%] [34m[1mGenerating EusLisp code from authoring_msgs/Command.msg[0m
[  3%] [34m[1mGenerating Lisp code from authoring_msgs/Command.msg[0m
[ 14%] [34m[1mGenerating C++ code from authoring_msgs/Command.msg[0m
[ 14%] [34m[1mGenerating Python from MSG authoring_msgs/Action[0m
[ 14%] [34m[1mGenerating Lisp code from authoring_msgs/POI.msg[0m
[ 14%] [34m[1mGenerating Lisp code from authoring_msgs/Action.msg[0m
[ 14%] [34m[1mGenerating Python from MSG authoring_msgs/Command[0m
[ 14%] [34m[1mGenerating EusLisp code from authoring_msgs/Action.msg[0m
[ 15%] [34m[1mGenerating C++ code from authoring_msgs/Action.msg[0m
[ 17%] [34m[1mGenerating Javascript code from authoring_msgs/Action.msg[0m
[ 19%] [34m[1mGenerating Python from MSG authoring_msgs/POI[0m
[ 21%] [34m[1mGenerating Lisp code from authoring_msgs/POIArray.msg[0m
[ 22%] [34m[1mGenerating C++ code from authoring_msgs/POI.msg[0m
[ 24%] [34m[1mGenerating Javascript code from authoring_msgs/Command.msg[0m
[ 26%] [34m[1mGenerating C++ code from authoring_msgs/POIArray.msg[0m
[ 28%] [34m[1mGenerating EusLisp code from authoring_msgs/POI.msg[0m
[ 29%] [34m[1mGenerating Javascript code from authoring_msgs/POI.msg[0m
[ 31%] [34m[1mGenerating Python from MSG authoring_msgs/POIArray[0m
[ 33%] [34m[1mGenerating Lisp code from authoring_msgs/AuthoringAction.msg[0m
[ 35%] [34m[1mGenerating C++ code from authoring_msgs/AuthoringAction.msg[0m
[ 36%] [34m[1mGenerating Lisp code from authoring_msgs/AuthoringActionGoal.msg[0m
[ 38%] [34m[1mGenerating Lisp code from authoring_msgs/AuthoringActionResult.msg[0m
[ 40%] [34m[1mGenerating Javascript code from authoring_msgs/POIArray.msg[0m
[ 42%] [34m[1mGenerating EusLisp code from authoring_msgs/POIArray.msg[0m
[ 43%] [34m[1mGenerating Python from MSG authoring_msgs/AuthoringActionGoal[0m
[ 45%] [34m[1mGenerating Python from MSG authoring_msgs/AuthoringActionResult[0m
[ 47%] [34m[1mGenerating Python from MSG authoring_msgs/AuthoringAction[0m
[ 49%] [34m[1mGenerating C++ code from authoring_msgs/AuthoringActionGoal.msg[0m
[ 50%] [34m[1mGenerating Javascript code from authoring_msgs/AuthoringAction.msg[0m
[ 54%] [34m[1mGenerating Lisp code from authoring_msgs/AuthoringActionFeedback.msg[0m
[ 54%] [34m[1mGenerating Javascript code from authoring_msgs/AuthoringActionGoal.msg[0m
[ 56%] [34m[1mGenerating C++ code from authoring_msgs/AuthoringActionResult.msg[0m
[ 57%] [34m[1mGenerating Javascript code from authoring_msgs/AuthoringActionResult.msg[0m
[ 59%] [34m[1mGenerating Python from MSG authoring_msgs/AuthoringActionFeedback[0m
[ 61%] [34m[1mGenerating EusLisp code from authoring_msgs/AuthoringAction.msg[0m
[ 63%] [34m[1mGenerating Lisp code from authoring_msgs/AuthoringGoal.msg[0m
[ 64%] [34m[1mGenerating EusLisp code from authoring_msgs/AuthoringActionGoal.msg[0m
[ 66%] [34m[1mGenerating Javascript code from authoring_msgs/AuthoringActionFeedback.msg[0m
[ 68%] [34m[1mGenerating Python from MSG authoring_msgs/AuthoringGoal[0m
[ 70%] [34m[1mGenerating C++ code from authoring_msgs/AuthoringActionFeedback.msg[0m
[ 71%] [34m[1mGenerating Python from MSG authoring_msgs/AuthoringResult[0m
[ 73%] [34m[1mGenerating Lisp code from authoring_msgs/AuthoringResult.msg[0m
[ 75%] [34m[1mGenerating Python from MSG authoring_msgs/AuthoringFeedback[0m
[ 77%] [34m[1mGenerating EusLisp code from authoring_msgs/AuthoringActionFeedback.msg[0m
[ 78%] [34m[1mGenerating EusLisp code from authoring_msgs/AuthoringActionResult.msg[0m
[ 80%] [34m[1mGenerating C++ code from authoring_msgs/AuthoringGoal.msg[0m
[ 82%] [34m[1mGenerating Javascript code from authoring_msgs/AuthoringGoal.msg[0m
[ 84%] [34m[1mGenerating Lisp code from authoring_msgs/AuthoringFeedback.msg[0m
[ 85%] [34m[1mGenerating Javascript code from authoring_msgs/AuthoringResult.msg[0m
[ 87%] [34m[1mGenerating C++ code from authoring_msgs/AuthoringResult.msg[0m
[ 89%] [34m[1mGenerating Javascript code from authoring_msgs/AuthoringFeedback.msg[0m
[ 89%] Built target authoring_msgs_generate_messages_lisp
[ 91%] [34m[1mGenerating EusLisp code from authoring_msgs/AuthoringGoal.msg[0m
[ 92%] [34m[1mGenerating EusLisp code from authoring_msgs/AuthoringFeedback.msg[0m
[ 94%] [34m[1mGenerating EusLisp code from authoring_msgs/AuthoringResult.msg[0m
[ 96%] [34m[1mGenerating C++ code from authoring_msgs/AuthoringFeedback.msg[0m
[ 96%] Built target authoring_msgs_generate_messages_nodejs
[ 98%] [34m[1mGenerating Python msg __init__.py for authoring_msgs[0m
[100%] Built target authoring_msgs_generate_messages_eus
[100%] Built target authoring_msgs_generate_messages_cpp
[100%] Built target authoring_msgs_generate_messages_py
[100%] Built target authoring_msgs_generate_messages
