Linked: (/workspace/devel/.private/panda_ros_msgs/lib/python3/dist-packages/panda_ros_msgs/__init__.py, /workspace/devel/lib/python3/dist-packages/panda_ros_msgs/__init__.py)
Linked: (/workspace/devel/.private/panda_ros_msgs/lib/python3/dist-packages/panda_ros_msgs/msg/__init__.py, /workspace/devel/lib/python3/dist-packages/panda_ros_msgs/msg/__init__.py)
Linked: (/workspace/devel/.private/panda_ros_msgs/lib/python3/dist-packages/panda_ros_msgs/msg/_HybridPoseArray.py, /workspace/devel/lib/python3/dist-packages/panda_ros_msgs/msg/_HybridPoseArray.py)
Linked: (/workspace/devel/.private/panda_ros_msgs/lib/python3/dist-packages/panda_ros_msgs/msg/_JointPose.py, /workspace/devel/lib/python3/dist-packages/panda_ros_msgs/msg/_JointPose.py)
Linked: (/workspace/devel/.private/panda_ros_msgs/lib/python3/dist-packages/panda_ros_msgs/msg/_HybridPose.py, /workspace/devel/lib/python3/dist-packages/panda_ros_msgs/msg/_HybridPose.py)
Linked: (/workspace/devel/.private/panda_ros_msgs/lib/python3/dist-packages/panda_ros_msgs/msg/_VelocityBoundPath.py, /workspace/devel/lib/python3/dist-packages/panda_ros_msgs/msg/_VelocityBoundPath.py)
Linked: (/workspace/devel/.private/panda_ros_msgs/lib/pkgconfig/panda_ros_msgs.pc, /workspace/devel/lib/pkgconfig/panda_ros_msgs.pc)
Linked: (/workspace/devel/.private/panda_ros_msgs/share/roseus/ros/panda_ros_msgs/manifest.l, /workspace/devel/share/roseus/ros/panda_ros_msgs/manifest.l)
Linked: (/workspace/devel/.private/panda_ros_msgs/share/roseus/ros/panda_ros_msgs/msg/VelocityBoundPath.l, /workspace/devel/share/roseus/ros/panda_ros_msgs/msg/VelocityBoundPath.l)
Linked: (/workspace/devel/.private/panda_ros_msgs/share/roseus/ros/panda_ros_msgs/msg/HybridPose.l, /workspace/devel/share/roseus/ros/panda_ros_msgs/msg/HybridPose.l)
Linked: (/workspace/devel/.private/panda_ros_msgs/share/roseus/ros/panda_ros_msgs/msg/JointPose.l, /workspace/devel/share/roseus/ros/panda_ros_msgs/msg/JointPose.l)
Linked: (/workspace/devel/.private/panda_ros_msgs/share/roseus/ros/panda_ros_msgs/msg/HybridPoseArray.l, /workspace/devel/share/roseus/ros/panda_ros_msgs/msg/HybridPoseArray.l)
Linked: (/workspace/devel/.private/panda_ros_msgs/share/gennodejs/ros/panda_ros_msgs/_index.js, /workspace/devel/share/gennodejs/ros/panda_ros_msgs/_index.js)
Linked: (/workspace/devel/.private/panda_ros_msgs/share/gennodejs/ros/panda_ros_msgs/msg/VelocityBoundPath.js, /workspace/devel/share/gennodejs/ros/panda_ros_msgs/msg/VelocityBoundPath.js)
Linked: (/workspace/devel/.private/panda_ros_msgs/share/gennodejs/ros/panda_ros_msgs/msg/HybridPose.js, /workspace/devel/share/gennodejs/ros/panda_ros_msgs/msg/HybridPose.js)
Linked: (/workspace/devel/.private/panda_ros_msgs/share/gennodejs/ros/panda_ros_msgs/msg/HybridPoseArray.js, /workspace/devel/share/gennodejs/ros/panda_ros_msgs/msg/HybridPoseArray.js)
Linked: (/workspace/devel/.private/panda_ros_msgs/share/gennodejs/ros/panda_ros_msgs/msg/JointPose.js, /workspace/devel/share/gennodejs/ros/panda_ros_msgs/msg/JointPose.js)
Linked: (/workspace/devel/.private/panda_ros_msgs/share/gennodejs/ros/panda_ros_msgs/msg/_index.js, /workspace/devel/share/gennodejs/ros/panda_ros_msgs/msg/_index.js)
Linked: (/workspace/devel/.private/panda_ros_msgs/share/panda_ros_msgs/cmake/panda_ros_msgsConfig.cmake, /workspace/devel/share/panda_ros_msgs/cmake/panda_ros_msgsConfig.cmake)
Linked: (/workspace/devel/.private/panda_ros_msgs/share/panda_ros_msgs/cmake/panda_ros_msgsConfig-version.cmake, /workspace/devel/share/panda_ros_msgs/cmake/panda_ros_msgsConfig-version.cmake)
Linked: (/workspace/devel/.private/panda_ros_msgs/share/panda_ros_msgs/cmake/panda_ros_msgs-msg-paths.cmake, /workspace/devel/share/panda_ros_msgs/cmake/panda_ros_msgs-msg-paths.cmake)
Linked: (/workspace/devel/.private/panda_ros_msgs/share/panda_ros_msgs/cmake/panda_ros_msgs-msg-extras.cmake, /workspace/devel/share/panda_ros_msgs/cmake/panda_ros_msgs-msg-extras.cmake)
Linked: (/workspace/devel/.private/panda_ros_msgs/share/common-lisp/ros/panda_ros_msgs/msg/JointPose.lisp, /workspace/devel/share/common-lisp/ros/panda_ros_msgs/msg/JointPose.lisp)
Linked: (/workspace/devel/.private/panda_ros_msgs/share/common-lisp/ros/panda_ros_msgs/msg/HybridPose.lisp, /workspace/devel/share/common-lisp/ros/panda_ros_msgs/msg/HybridPose.lisp)
Linked: (/workspace/devel/.private/panda_ros_msgs/share/common-lisp/ros/panda_ros_msgs/msg/_package_VelocityBoundPath.lisp, /workspace/devel/share/common-lisp/ros/panda_ros_msgs/msg/_package_VelocityBoundPath.lisp)
Linked: (/workspace/devel/.private/panda_ros_msgs/share/common-lisp/ros/panda_ros_msgs/msg/panda_ros_msgs-msg.asd, /workspace/devel/share/common-lisp/ros/panda_ros_msgs/msg/panda_ros_msgs-msg.asd)
Linked: (/workspace/devel/.private/panda_ros_msgs/share/common-lisp/ros/panda_ros_msgs/msg/_package_JointPose.lisp, /workspace/devel/share/common-lisp/ros/panda_ros_msgs/msg/_package_JointPose.lisp)
Linked: (/workspace/devel/.private/panda_ros_msgs/share/common-lisp/ros/panda_ros_msgs/msg/_package.lisp, /workspace/devel/share/common-lisp/ros/panda_ros_msgs/msg/_package.lisp)
Linked: (/workspace/devel/.private/panda_ros_msgs/share/common-lisp/ros/panda_ros_msgs/msg/_package_HybridPose.lisp, /workspace/devel/share/common-lisp/ros/panda_ros_msgs/msg/_package_HybridPose.lisp)
Linked: (/workspace/devel/.private/panda_ros_msgs/share/common-lisp/ros/panda_ros_msgs/msg/_package_HybridPoseArray.lisp, /workspace/devel/share/common-lisp/ros/panda_ros_msgs/msg/_package_HybridPoseArray.lisp)
Linked: (/workspace/devel/.private/panda_ros_msgs/share/common-lisp/ros/panda_ros_msgs/msg/HybridPoseArray.lisp, /workspace/devel/share/common-lisp/ros/panda_ros_msgs/msg/HybridPoseArray.lisp)
Linked: (/workspace/devel/.private/panda_ros_msgs/share/common-lisp/ros/panda_ros_msgs/msg/VelocityBoundPath.lisp, /workspace/devel/share/common-lisp/ros/panda_ros_msgs/msg/VelocityBoundPath.lisp)
Linked: (/workspace/devel/.private/panda_ros_msgs/include/panda_ros_msgs/HybridPoseArray.h, /workspace/devel/include/panda_ros_msgs/HybridPoseArray.h)
Linked: (/workspace/devel/.private/panda_ros_msgs/include/panda_ros_msgs/JointPose.h, /workspace/devel/include/panda_ros_msgs/JointPose.h)
Linked: (/workspace/devel/.private/panda_ros_msgs/include/panda_ros_msgs/VelocityBoundPath.h, /workspace/devel/include/panda_ros_msgs/VelocityBoundPath.h)
Linked: (/workspace/devel/.private/panda_ros_msgs/include/panda_ros_msgs/HybridPose.h, /workspace/devel/include/panda_ros_msgs/HybridPose.h)
