[  0%] Built target geometry_msgs_generate_messages_cpp
[  0%] Built target geometry_msgs_generate_messages_lisp
[  0%] Built target std_msgs_generate_messages_lisp
[  0%] Built target geometry_msgs_generate_messages_nodejs
[  0%] Built target std_msgs_generate_messages_nodejs
[  0%] Built target std_msgs_generate_messages_py
[  0%] Built target std_msgs_generate_messages_cpp
[  0%] Built target geometry_msgs_generate_messages_eus
[  0%] Built target geometry_msgs_generate_messages_py
[  0%] Built target std_msgs_generate_messages_eus
[  0%] Built target _panda_ros_msgs_generate_messages_check_deps_JointPose
[  0%] Built target _panda_ros_msgs_generate_messages_check_deps_HybridPose
[  0%] Built target _panda_ros_msgs_generate_messages_check_deps_VelocityBoundPath
[  0%] Built target _panda_ros_msgs_generate_messages_check_deps_HybridPoseArray
[ 22%] Built target panda_ros_msgs_generate_messages_eus
[ 40%] Built target panda_ros_msgs_generate_messages_cpp
[ 59%] Built target panda_ros_msgs_generate_messages_nodejs
[ 81%] Built target panda_ros_msgs_generate_messages_py
[100%] Built target panda_ros_msgs_generate_messages_lisp
[100%] Built target panda_ros_msgs_generate_messages
