Symlinking /workspace/devel/lib/python3/dist-packages/panda_ros_msgs/__init__.py
Symlinking /workspace/devel/lib/python3/dist-packages/panda_ros_msgs/msg/__init__.py
Symlinking /workspace/devel/lib/python3/dist-packages/panda_ros_msgs/msg/_HybridPoseArray.py
Symlinking /workspace/devel/lib/python3/dist-packages/panda_ros_msgs/msg/_JointPose.py
Symlinking /workspace/devel/lib/python3/dist-packages/panda_ros_msgs/msg/_HybridPose.py
Symlinking /workspace/devel/lib/python3/dist-packages/panda_ros_msgs/msg/_VelocityBoundPath.py
Symlinking /workspace/devel/lib/pkgconfig/panda_ros_msgs.pc
Symlinking /workspace/devel/share/roseus/ros/panda_ros_msgs/manifest.l
Symlinking /workspace/devel/share/roseus/ros/panda_ros_msgs/msg/VelocityBoundPath.l
Symlinking /workspace/devel/share/roseus/ros/panda_ros_msgs/msg/HybridPose.l
Symlinking /workspace/devel/share/roseus/ros/panda_ros_msgs/msg/JointPose.l
Symlinking /workspace/devel/share/roseus/ros/panda_ros_msgs/msg/HybridPoseArray.l
Symlinking /workspace/devel/share/gennodejs/ros/panda_ros_msgs/_index.js
Symlinking /workspace/devel/share/gennodejs/ros/panda_ros_msgs/msg/VelocityBoundPath.js
Symlinking /workspace/devel/share/gennodejs/ros/panda_ros_msgs/msg/HybridPose.js
Symlinking /workspace/devel/share/gennodejs/ros/panda_ros_msgs/msg/HybridPoseArray.js
Symlinking /workspace/devel/share/gennodejs/ros/panda_ros_msgs/msg/JointPose.js
Symlinking /workspace/devel/share/gennodejs/ros/panda_ros_msgs/msg/_index.js
Symlinking /workspace/devel/share/panda_ros_msgs/cmake/panda_ros_msgsConfig.cmake
Symlinking /workspace/devel/share/panda_ros_msgs/cmake/panda_ros_msgsConfig-version.cmake
Symlinking /workspace/devel/share/panda_ros_msgs/cmake/panda_ros_msgs-msg-paths.cmake
Symlinking /workspace/devel/share/panda_ros_msgs/cmake/panda_ros_msgs-msg-extras.cmake
Symlinking /workspace/devel/share/common-lisp/ros/panda_ros_msgs/msg/JointPose.lisp
Symlinking /workspace/devel/share/common-lisp/ros/panda_ros_msgs/msg/HybridPose.lisp
Symlinking /workspace/devel/share/common-lisp/ros/panda_ros_msgs/msg/_package_VelocityBoundPath.lisp
Symlinking /workspace/devel/share/common-lisp/ros/panda_ros_msgs/msg/panda_ros_msgs-msg.asd
Symlinking /workspace/devel/share/common-lisp/ros/panda_ros_msgs/msg/_package_JointPose.lisp
Symlinking /workspace/devel/share/common-lisp/ros/panda_ros_msgs/msg/_package.lisp
Symlinking /workspace/devel/share/common-lisp/ros/panda_ros_msgs/msg/_package_HybridPose.lisp
Symlinking /workspace/devel/share/common-lisp/ros/panda_ros_msgs/msg/_package_HybridPoseArray.lisp
Symlinking /workspace/devel/share/common-lisp/ros/panda_ros_msgs/msg/HybridPoseArray.lisp
Symlinking /workspace/devel/share/common-lisp/ros/panda_ros_msgs/msg/VelocityBoundPath.lisp
Symlinking /workspace/devel/include/panda_ros_msgs/HybridPoseArray.h
Symlinking /workspace/devel/include/panda_ros_msgs/JointPose.h
Symlinking /workspace/devel/include/panda_ros_msgs/VelocityBoundPath.h
Symlinking /workspace/devel/include/panda_ros_msgs/HybridPose.h
