[35m[1mScanning dependencies of target _panda_ros_msgs_generate_messages_check_deps_JointPose[0m
[35m[1mScanning dependencies of target _panda_ros_msgs_generate_messages_check_deps_HybridPoseArray[0m
[35m[1mScanning dependencies of target _panda_ros_msgs_generate_messages_check_deps_VelocityBoundPath[0m
[35m[1mScanning dependencies of target std_msgs_generate_messages_py[0m
[35m[1mScanning dependencies of target _panda_ros_msgs_generate_messages_check_deps_HybridPose[0m
[35m[1mScanning dependencies of target geometry_msgs_generate_messages_nodejs[0m
[35m[1mScanning dependencies of target geometry_msgs_generate_messages_cpp[0m
[35m[1mScanning dependencies of target geometry_msgs_generate_messages_eus[0m
[35m[1mScanning dependencies of target std_msgs_generate_messages_nodejs[0m
[35m[1mScanning dependencies of target std_msgs_generate_messages_lisp[0m
[35m[1mScanning dependencies of target geometry_msgs_generate_messages_py[0m
[35m[1mScanning dependencies of target std_msgs_generate_messages_cpp[0m
[35m[1mScanning dependencies of target std_msgs_generate_messages_eus[0m
[35m[1mScanning dependencies of target geometry_msgs_generate_messages_lisp[0m
[  0%] Built target std_msgs_generate_messages_py
[  0%] Built target std_msgs_generate_messages_lisp
[  0%] Built target geometry_msgs_generate_messages_eus
[  0%] Built target geometry_msgs_generate_messages_cpp
[  0%] Built target std_msgs_generate_messages_cpp
[  0%] Built target geometry_msgs_generate_messages_lisp
[  0%] Built target geometry_msgs_generate_messages_nodejs
[  0%] Built target std_msgs_generate_messages_nodejs
[  0%] Built target geometry_msgs_generate_messages_py
[  0%] Built target std_msgs_generate_messages_eus
[  0%] Built target _panda_ros_msgs_generate_messages_check_deps_VelocityBoundPath
[  0%] Built target _panda_ros_msgs_generate_messages_check_deps_HybridPose
[  0%] Built target _panda_ros_msgs_generate_messages_check_deps_HybridPoseArray
[  0%] Built target _panda_ros_msgs_generate_messages_check_deps_JointPose
[35m[1mScanning dependencies of target panda_ros_msgs_generate_messages_py[0m
[35m[1mScanning dependencies of target panda_ros_msgs_generate_messages_nodejs[0m
[35m[1mScanning dependencies of target panda_ros_msgs_generate_messages_lisp[0m
[35m[1mScanning dependencies of target panda_ros_msgs_generate_messages_cpp[0m
[35m[1mScanning dependencies of target panda_ros_msgs_generate_messages_eus[0m
[  4%] [34m[1mGenerating Lisp code from panda_ros_msgs/HybridPoseArray.msg[0m
[  9%] [34m[1mGenerating Lisp code from panda_ros_msgs/HybridPose.msg[0m
[ 18%] [34m[1mGenerating Lisp code from panda_ros_msgs/VelocityBoundPath.msg[0m
[ 18%] [34m[1mGenerating Python from MSG panda_ros_msgs/VelocityBoundPath[0m
[ 22%] [34m[1mGenerating Lisp code from panda_ros_msgs/JointPose.msg[0m
[ 27%] [34m[1mGenerating Javascript code from panda_ros_msgs/VelocityBoundPath.msg[0m
[ 31%] [34m[1mGenerating Python from MSG panda_ros_msgs/HybridPoseArray[0m
[ 36%] [34m[1mGenerating Javascript code from panda_ros_msgs/HybridPose.msg[0m
[ 40%] [34m[1mGenerating Javascript code from panda_ros_msgs/JointPose.msg[0m
[ 50%] [34m[1mGenerating Python from MSG panda_ros_msgs/HybridPose[0m
[ 50%] [34m[1mGenerating Javascript code from panda_ros_msgs/HybridPoseArray.msg[0m
[ 54%] [34m[1mGenerating EusLisp code from panda_ros_msgs/VelocityBoundPath.msg[0m
[ 59%] [34m[1mGenerating Python from MSG panda_ros_msgs/JointPose[0m
[ 63%] [34m[1mGenerating C++ code from panda_ros_msgs/VelocityBoundPath.msg[0m
[ 68%] [34m[1mGenerating C++ code from panda_ros_msgs/HybridPose.msg[0m
[ 72%] [34m[1mGenerating C++ code from panda_ros_msgs/HybridPoseArray.msg[0m
[ 77%] [34m[1mGenerating EusLisp code from panda_ros_msgs/HybridPose.msg[0m
[ 81%] [34m[1mGenerating EusLisp code from panda_ros_msgs/HybridPoseArray.msg[0m
[ 86%] [34m[1mGenerating C++ code from panda_ros_msgs/JointPose.msg[0m
[ 86%] Built target panda_ros_msgs_generate_messages_lisp
[ 90%] [34m[1mGenerating EusLisp code from panda_ros_msgs/JointPose.msg[0m
[ 90%] Built target panda_ros_msgs_generate_messages_nodejs
[ 95%] [34m[1mGenerating EusLisp manifest code for panda_ros_msgs[0m
[100%] [34m[1mGenerating Python msg __init__.py for panda_ros_msgs[0m
[100%] Built target panda_ros_msgs_generate_messages_cpp
[100%] Built target panda_ros_msgs_generate_messages_py
[100%] Built target panda_ros_msgs_generate_messages_eus
[35m[1mScanning dependencies of target panda_ros_msgs_generate_messages[0m
[100%] Built target panda_ros_msgs_generate_messages
